<?xml version="1.0" encoding="UTF-8"?>
<testng-results skipped="0" failed="0" ignored="0" total="1" passed="1">
  <reporter-output>
  </reporter-output>
  <suite name="Default suite" duration-ms="17632" started-at="2019-11-12T17:09:44 IST" finished-at="2019-11-12T17:10:01 IST">
    <groups>
    </groups>
    <test name="Default test" duration-ms="17632" started-at="2019-11-12T17:09:44 IST" finished-at="2019-11-12T17:10:01 IST">
      <class name="com.orangehrm.qa.test.OHRMLoginPageTest">
        <test-method status="PASS" signature="setup()[pri:0, instance:com.orangehrm.qa.test.OHRMLoginPageTest@1efed156]" name="setup" is-config="true" duration-ms="10429" started-at="2019-11-12T17:09:44 IST" finished-at="2019-11-12T17:09:54 IST">
          <reporter-output>
          </reporter-output>
        </test-method> <!-- setup -->
        <test-method status="PASS" signature="Login_Test()[pri:0, instance:com.orangehrm.qa.test.OHRMLoginPageTest@1efed156]" name="Login_Test" duration-ms="6085" started-at="2019-11-12T17:09:54 IST" finished-at="2019-11-12T17:10:00 IST">
          <reporter-output>
          </reporter-output>
        </test-method> <!-- Login_Test -->
        <test-method status="PASS" signature="tearDown()[pri:0, instance:com.orangehrm.qa.test.OHRMLoginPageTest@1efed156]" name="tearDown" is-config="true" duration-ms="989" started-at="2019-11-12T17:10:00 IST" finished-at="2019-11-12T17:10:01 IST">
          <reporter-output>
          </reporter-output>
        </test-method> <!-- tearDown -->
      </class> <!-- com.orangehrm.qa.test.OHRMLoginPageTest -->
    </test> <!-- Default test -->
  </suite> <!-- Default suite -->
</testng-results>
